ARM GAS  C:\Users\malth\AppData\Local\Temp\cczuHLLV.s 			page 1


   1              		.syntax unified
   2              		.cpu cortex-m3
   3              		.fpu softvfp
   4              		.eabi_attribute 20, 1
   5              		.eabi_attribute 21, 1
   6              		.eabi_attribute 23, 3
   7              		.eabi_attribute 24, 1
   8              		.eabi_attribute 25, 1
   9              		.eabi_attribute 26, 1
  10              		.eabi_attribute 30, 1
  11              		.eabi_attribute 34, 1
  12              		.eabi_attribute 18, 4
  13              		.thumb
  14              		.syntax unified
  15              		.file	"cymetadata.c"
  16              		.text
  17              	.Ltext0:
  18              		.cfi_sections	.debug_frame
  19              		.global	cy_metadata
  20              		.global	cy_meta_flashprotect
  21              		.global	cy_meta_wonvl
  22              		.global	cy_meta_custnvl
  23              		.global	cy_meta_configecc
  24              		.section	.cyconfigecc,"a",%progbits
  25              		.align	2
  26              		.type	cy_meta_configecc, %object
  27              		.size	cy_meta_configecc, 512
  28              	cy_meta_configecc:
  29 0000 02       		.byte	2
  30 0001 64       		.byte	100
  31 0002 00       		.byte	0
  32 0003 40       		.byte	64
  33 0004 01       		.byte	1
  34 0005 01       		.byte	1
  35 0006 01       		.byte	1
  36 0007 40       		.byte	64
  37 0008 01       		.byte	1
  38 0009 03       		.byte	3
  39 000a 01       		.byte	1
  40 000b 40       		.byte	64
  41 000c 02       		.byte	2
  42 000d 09       		.byte	9
  43 000e 01       		.byte	1
  44 000f 40       		.byte	64
  45 0010 03       		.byte	3
  46 0011 0A       		.byte	10
  47 0012 01       		.byte	1
  48 0013 40       		.byte	64
  49 0014 08       		.byte	8
  50 0015 0B       		.byte	11
  51 0016 01       		.byte	1
  52 0017 40       		.byte	64
  53 0018 35       		.byte	53
  54 0019 0C       		.byte	12
  55 001a 01       		.byte	1
  56 001b 40       		.byte	64
  57 001c 1F       		.byte	31
ARM GAS  C:\Users\malth\AppData\Local\Temp\cczuHLLV.s 			page 2


  58 001d 0D       		.byte	13
  59 001e 01       		.byte	1
  60 001f 40       		.byte	64
  61 0020 35       		.byte	53
  62 0021 0E       		.byte	14
  63 0022 01       		.byte	1
  64 0023 40       		.byte	64
  65 0024 1A       		.byte	26
  66 0025 0F       		.byte	15
  67 0026 01       		.byte	1
  68 0027 40       		.byte	64
  69 0028 02       		.byte	2
  70 0029 17       		.byte	23
  71 002a 01       		.byte	1
  72 002b 40       		.byte	64
  73 002c 04       		.byte	4
  74 002d 19       		.byte	25
  75 002e 01       		.byte	1
  76 002f 40       		.byte	64
  77 0030 05       		.byte	5
  78 0031 40       		.byte	64
  79 0032 01       		.byte	1
  80 0033 40       		.byte	64
  81 0034 03       		.byte	3
  82 0035 41       		.byte	65
  83 0036 01       		.byte	1
  84 0037 40       		.byte	64
  85 0038 06       		.byte	6
  86 0039 45       		.byte	69
  87 003a 01       		.byte	1
  88 003b 40       		.byte	64
  89 003c 08       		.byte	8
  90 003d 48       		.byte	72
  91 003e 01       		.byte	1
  92 003f 40       		.byte	64
  93 0040 03       		.byte	3
  94 0041 50       		.byte	80
  95 0042 01       		.byte	1
  96 0043 40       		.byte	64
  97 0044 01       		.byte	1
  98 0045 51       		.byte	81
  99 0046 01       		.byte	1
 100 0047 40       		.byte	64
 101 0048 8D       		.byte	-115
 102 0049 0D       		.byte	13
 103 004a 8F       		.byte	-113
 104 004b 0D       		.byte	13
 105 004c E6       		.byte	-26
 106 004d 04       		.byte	4
 107 004e E6       		.byte	-26
 108 004f 02       		.byte	2
 109 0050 9F       		.byte	-97
 110 0051 2A       		.byte	42
 111 0052 A6       		.byte	-90
 112 0053 40       		.byte	64
 113 0054 D6       		.byte	-42
 114 0055 08       		.byte	8
ARM GAS  C:\Users\malth\AppData\Local\Temp\cczuHLLV.s 			page 3


 115 0056 DB       		.byte	-37
 116 0057 04       		.byte	4
 117 0058 DD       		.byte	-35
 118 0059 90       		.byte	-112
 119 005a 5E       		.byte	94
 120 005b 80       		.byte	-128
 121 005c 5F       		.byte	95
 122 005d 2A       		.byte	42
 123 005e 64       		.byte	100
 124 005f 16       		.byte	22
 125 0060 67       		.byte	103
 126 0061 88       		.byte	-120
 127 0062 97       		.byte	-105
 128 0063 88       		.byte	-120
 129 0064 9C       		.byte	-100
 130 0065 16       		.byte	22
 131 0066 D6       		.byte	-42
 132 0067 F0       		.byte	-16
 133 0068 D8       		.byte	-40
 134 0069 F0       		.byte	-16
 135 006a 40       		.byte	64
 136 006b 45       		.byte	69
 137 006c 41       		.byte	65
 138 006d 02       		.byte	2
 139 006e 49       		.byte	73
 140 006f FF       		.byte	-1
 141 0070 4A       		.byte	74
 142 0071 FF       		.byte	-1
 143 0072 4B       		.byte	75
 144 0073 FF       		.byte	-1
 145 0074 4F       		.byte	79
 146 0075 01       		.byte	1
 147 0076 50       		.byte	80
 148 0077 18       		.byte	24
 149 0078 52       		.byte	82
 150 0079 80       		.byte	-128
 151 007a 5A       		.byte	90
 152 007b 09       		.byte	9
 153 007c 5B       		.byte	91
 154 007d 0B       		.byte	11
 155 007e 5D       		.byte	93
 156 007f 99       		.byte	-103
 157 0080 5F       		.byte	95
 158 0081 01       		.byte	1
 159 0082 60       		.byte	96
 160 0083 40       		.byte	64
 161 0084 62       		.byte	98
 162 0085 40       		.byte	64
 163 0086 64       		.byte	100
 164 0087 40       		.byte	64
 165 0088 65       		.byte	101
 166 0089 40       		.byte	64
 167 008a 66       		.byte	102
 168 008b 80       		.byte	-128
 169 008c 68       		.byte	104
 170 008d 80       		.byte	-128
 171 008e 6A       		.byte	106
ARM GAS  C:\Users\malth\AppData\Local\Temp\cczuHLLV.s 			page 4


 172 008f 80       		.byte	-128
 173 0090 6C       		.byte	108
 174 0091 80       		.byte	-128
 175 0092 6E       		.byte	110
 176 0093 80       		.byte	-128
 177 0094 82       		.byte	-126
 178 0095 01       		.byte	1
 179 0096 8E       		.byte	-114
 180 0097 01       		.byte	1
 181 0098 B6       		.byte	-74
 182 0099 01       		.byte	1
 183 009a BE       		.byte	-66
 184 009b 40       		.byte	64
 185 009c C0       		.byte	-64
 186 009d 54       		.byte	84
 187 009e C1       		.byte	-63
 188 009f 02       		.byte	2
 189 00a0 C5       		.byte	-59
 190 00a1 EC       		.byte	-20
 191 00a2 C7       		.byte	-57
 192 00a3 20       		.byte	32
 193 00a4 C8       		.byte	-56
 194 00a5 23       		.byte	35
 195 00a6 C9       		.byte	-55
 196 00a7 FF       		.byte	-1
 197 00a8 CA       		.byte	-54
 198 00a9 FF       		.byte	-1
 199 00aa CB       		.byte	-53
 200 00ab FF       		.byte	-1
 201 00ac CD       		.byte	-51
 202 00ad 83       		.byte	-125
 203 00ae CE       		.byte	-50
 204 00af 03       		.byte	3
 205 00b0 CF       		.byte	-49
 206 00b1 01       		.byte	1
 207 00b2 D0       		.byte	-48
 208 00b3 18       		.byte	24
 209 00b4 D4       		.byte	-44
 210 00b5 01       		.byte	1
 211 00b6 D6       		.byte	-42
 212 00b7 04       		.byte	4
 213 00b8 D8       		.byte	-40
 214 00b9 04       		.byte	4
 215 00ba DA       		.byte	-38
 216 00bb 0A       		.byte	10
 217 00bc DB       		.byte	-37
 218 00bd 0A       		.byte	10
 219 00be DD       		.byte	-35
 220 00bf 99       		.byte	-103
 221 00c0 DF       		.byte	-33
 222 00c1 05       		.byte	5
 223 00c2 E0       		.byte	-32
 224 00c3 40       		.byte	64
 225 00c4 E2       		.byte	-30
 226 00c5 40       		.byte	64
 227 00c6 E4       		.byte	-28
 228 00c7 40       		.byte	64
ARM GAS  C:\Users\malth\AppData\Local\Temp\cczuHLLV.s 			page 5


 229 00c8 E5       		.byte	-27
 230 00c9 40       		.byte	64
 231 00ca E6       		.byte	-26
 232 00cb 80       		.byte	-128
 233 00cc E8       		.byte	-24
 234 00cd 80       		.byte	-128
 235 00ce EA       		.byte	-22
 236 00cf 80       		.byte	-128
 237 00d0 EC       		.byte	-20
 238 00d1 80       		.byte	-128
 239 00d2 EE       		.byte	-18
 240 00d3 80       		.byte	-128
 241 00d4 00       		.byte	0
 242 00d5 02       		.byte	2
 243 00d6 02       		.byte	2
 244 00d7 02       		.byte	2
 245 00d8 19       		.byte	25
 246 00d9 40       		.byte	64
 247 00da 41       		.byte	65
 248 00db 21       		.byte	33
 249 00dc 45       		.byte	69
 250 00dd 20       		.byte	32
 251 00de 46       		.byte	70
 252 00df 80       		.byte	-128
 253 00e0 48       		.byte	72
 254 00e1 01       		.byte	1
 255 00e2 49       		.byte	73
 256 00e3 05       		.byte	5
 257 00e4 4E       		.byte	78
 258 00e5 02       		.byte	2
 259 00e6 51       		.byte	81
 260 00e7 01       		.byte	1
 261 00e8 52       		.byte	82
 262 00e9 02       		.byte	2
 263 00ea 59       		.byte	89
 264 00eb 45       		.byte	69
 265 00ec 63       		.byte	99
 266 00ed 40       		.byte	64
 267 00ee 74       		.byte	116
 268 00ef 01       		.byte	1
 269 00f0 76       		.byte	118
 270 00f1 80       		.byte	-128
 271 00f2 78       		.byte	120
 272 00f3 04       		.byte	4
 273 00f4 7B       		.byte	123
 274 00f5 02       		.byte	2
 275 00f6 7F       		.byte	127
 276 00f7 44       		.byte	68
 277 00f8 81       		.byte	-127
 278 00f9 20       		.byte	32
 279 00fa 83       		.byte	-125
 280 00fb 02       		.byte	2
 281 00fc 87       		.byte	-121
 282 00fd 40       		.byte	64
 283 00fe 9C       		.byte	-100
 284 00ff 12       		.byte	18
 285 0100 AE       		.byte	-82
ARM GAS  C:\Users\malth\AppData\Local\Temp\cczuHLLV.s 			page 6


 286 0101 08       		.byte	8
 287 0102 C0       		.byte	-64
 288 0103 09       		.byte	9
 289 0104 D0       		.byte	-48
 290 0105 A5       		.byte	-91
 291 0106 D2       		.byte	-46
 292 0107 18       		.byte	24
 293 0108 D6       		.byte	-42
 294 0109 0B       		.byte	11
 295 010a D8       		.byte	-40
 296 010b 01       		.byte	1
 297 010c DE       		.byte	-34
 298 010d AA       		.byte	-86
 299 010e E2       		.byte	-30
 300 010f 04       		.byte	4
 301 0110 EA       		.byte	-22
 302 0111 08       		.byte	8
 303 0112 22       		.byte	34
 304 0113 01       		.byte	1
 305 0114 2E       		.byte	46
 306 0115 01       		.byte	1
 307 0116 36       		.byte	54
 308 0117 01       		.byte	1
 309 0118 3E       		.byte	62
 310 0119 40       		.byte	64
 311 011a 40       		.byte	64
 312 011b 54       		.byte	84
 313 011c 41       		.byte	65
 314 011d 06       		.byte	6
 315 011e 49       		.byte	73
 316 011f FF       		.byte	-1
 317 0120 4A       		.byte	74
 318 0121 FF       		.byte	-1
 319 0122 4B       		.byte	75
 320 0123 FF       		.byte	-1
 321 0124 4F       		.byte	79
 322 0125 01       		.byte	1
 323 0126 50       		.byte	80
 324 0127 18       		.byte	24
 325 0128 52       		.byte	82
 326 0129 80       		.byte	-128
 327 012a 58       		.byte	88
 328 012b 04       		.byte	4
 329 012c 5A       		.byte	90
 330 012d 0B       		.byte	11
 331 012e 5B       		.byte	91
 332 012f 09       		.byte	9
 333 0130 5D       		.byte	93
 334 0131 99       		.byte	-103
 335 0132 5F       		.byte	95
 336 0133 01       		.byte	1
 337 0134 60       		.byte	96
 338 0135 40       		.byte	64
 339 0136 62       		.byte	98
 340 0137 40       		.byte	64
 341 0138 64       		.byte	100
 342 0139 40       		.byte	64
ARM GAS  C:\Users\malth\AppData\Local\Temp\cczuHLLV.s 			page 7


 343 013a 65       		.byte	101
 344 013b 40       		.byte	64
 345 013c 66       		.byte	102
 346 013d 80       		.byte	-128
 347 013e 68       		.byte	104
 348 013f 80       		.byte	-128
 349 0140 6A       		.byte	106
 350 0141 80       		.byte	-128
 351 0142 6C       		.byte	108
 352 0143 80       		.byte	-128
 353 0144 6E       		.byte	110
 354 0145 80       		.byte	-128
 355 0146 C0       		.byte	-64
 356 0147 54       		.byte	84
 357 0148 C1       		.byte	-63
 358 0149 06       		.byte	6
 359 014a C5       		.byte	-59
 360 014b EC       		.byte	-20
 361 014c C6       		.byte	-58
 362 014d 02       		.byte	2
 363 014e C8       		.byte	-56
 364 014f 07       		.byte	7
 365 0150 C9       		.byte	-55
 366 0151 FF       		.byte	-1
 367 0152 CA       		.byte	-54
 368 0153 FF       		.byte	-1
 369 0154 CB       		.byte	-53
 370 0155 FF       		.byte	-1
 371 0156 CD       		.byte	-51
 372 0157 83       		.byte	-125
 373 0158 CE       		.byte	-50
 374 0159 03       		.byte	3
 375 015a CF       		.byte	-49
 376 015b 01       		.byte	1
 377 015c D0       		.byte	-48
 378 015d 18       		.byte	24
 379 015e D4       		.byte	-44
 380 015f 01       		.byte	1
 381 0160 D6       		.byte	-42
 382 0161 04       		.byte	4
 383 0162 DA       		.byte	-38
 384 0163 0B       		.byte	11
 385 0164 DB       		.byte	-37
 386 0165 0B       		.byte	11
 387 0166 DD       		.byte	-35
 388 0167 99       		.byte	-103
 389 0168 DF       		.byte	-33
 390 0169 05       		.byte	5
 391 016a E0       		.byte	-32
 392 016b 40       		.byte	64
 393 016c E2       		.byte	-30
 394 016d 40       		.byte	64
 395 016e E4       		.byte	-28
 396 016f 40       		.byte	64
 397 0170 E5       		.byte	-27
 398 0171 40       		.byte	64
 399 0172 E6       		.byte	-26
ARM GAS  C:\Users\malth\AppData\Local\Temp\cczuHLLV.s 			page 8


 400 0173 80       		.byte	-128
 401 0174 E8       		.byte	-24
 402 0175 80       		.byte	-128
 403 0176 EA       		.byte	-22
 404 0177 80       		.byte	-128
 405 0178 EC       		.byte	-20
 406 0179 80       		.byte	-128
 407 017a EE       		.byte	-18
 408 017b 80       		.byte	-128
 409 017c 10       		.byte	16
 410 017d 82       		.byte	-126
 411 017e 19       		.byte	25
 412 017f 80       		.byte	-128
 413 0180 42       		.byte	66
 414 0181 80       		.byte	-128
 415 0182 46       		.byte	70
 416 0183 80       		.byte	-128
 417 0184 48       		.byte	72
 418 0185 02       		.byte	2
 419 0186 4A       		.byte	74
 420 0187 08       		.byte	8
 421 0188 4C       		.byte	76
 422 0189 02       		.byte	2
 423 018a 4D       		.byte	77
 424 018b 01       		.byte	1
 425 018c 4E       		.byte	78
 426 018d 08       		.byte	8
 427 018e 4F       		.byte	79
 428 018f 04       		.byte	4
 429 0190 54       		.byte	84
 430 0191 80       		.byte	-128
 431 0192 56       		.byte	86
 432 0193 80       		.byte	-128
 433 0194 5D       		.byte	93
 434 0195 81       		.byte	-127
 435 0196 5F       		.byte	95
 436 0197 04       		.byte	4
 437 0198 66       		.byte	102
 438 0199 02       		.byte	2
 439 019a 70       		.byte	112
 440 019b 02       		.byte	2
 441 019c 78       		.byte	120
 442 019d 12       		.byte	18
 443 019e 7C       		.byte	124
 444 019f 02       		.byte	2
 445 01a0 7E       		.byte	126
 446 01a1 08       		.byte	8
 447 01a2 82       		.byte	-126
 448 01a3 02       		.byte	2
 449 01a4 C4       		.byte	-60
 450 01a5 09       		.byte	9
 451 01a6 D0       		.byte	-48
 452 01a7 81       		.byte	-127
 453 01a8 D2       		.byte	-46
 454 01a9 3C       		.byte	60
 455 01aa D6       		.byte	-42
 456 01ab D0       		.byte	-48
ARM GAS  C:\Users\malth\AppData\Local\Temp\cczuHLLV.s 			page 9


 457 01ac D8       		.byte	-40
 458 01ad 80       		.byte	-128
 459 01ae DE       		.byte	-34
 460 01af A5       		.byte	-91
 461 01b0 E0       		.byte	-32
 462 01b1 05       		.byte	5
 463 01b2 E4       		.byte	-28
 464 01b3 03       		.byte	3
 465 01b4 83       		.byte	-125
 466 01b5 2A       		.byte	42
 467 01b6 86       		.byte	-122
 468 01b7 40       		.byte	64
 469 01b8 9F       		.byte	-97
 470 01b9 2A       		.byte	42
 471 01ba A6       		.byte	-90
 472 01bb 40       		.byte	64
 473 01bc 33       		.byte	51
 474 01bd 80       		.byte	-128
 475 01be 36       		.byte	54
 476 01bf 20       		.byte	32
 477 01c0 83       		.byte	-125
 478 01c1 80       		.byte	-128
 479 01c2 CC       		.byte	-52
 480 01c3 30       		.byte	48
 481 01c4 E6       		.byte	-26
 482 01c5 20       		.byte	32
 483 01c6 86       		.byte	-122
 484 01c7 20       		.byte	32
 485 01c8 A6       		.byte	-90
 486 01c9 20       		.byte	32
 487 01ca E6       		.byte	-26
 488 01cb 40       		.byte	64
 489 01cc 09       		.byte	9
 490 01cd 04       		.byte	4
 491 01ce 0D       		.byte	13
 492 01cf 04       		.byte	4
 493 01d0 81       		.byte	-127
 494 01d1 04       		.byte	4
 495 01d2 95       		.byte	-107
 496 01d3 08       		.byte	8
 497 01d4 AD       		.byte	-83
 498 01d5 04       		.byte	4
 499 01d6 C2       		.byte	-62
 500 01d7 0C       		.byte	12
 501 01d8 2A       		.byte	42
 502 01d9 0C       		.byte	12
 503 01da 2B       		.byte	43
 504 01db 50       		.byte	80
 505 01dc 82       		.byte	-126
 506 01dd 04       		.byte	4
 507 01de 83       		.byte	-125
 508 01df 50       		.byte	80
 509 01e0 86       		.byte	-122
 510 01e1 08       		.byte	8
 511 01e2 CA       		.byte	-54
 512 01e3 40       		.byte	64
 513 01e4 E0       		.byte	-32
ARM GAS  C:\Users\malth\AppData\Local\Temp\cczuHLLV.s 			page 10


 514 01e5 A0       		.byte	-96
 515 01e6 E4       		.byte	-28
 516 01e7 C0       		.byte	-64
 517 01e8 01       		.byte	1
 518 01e9 01       		.byte	1
 519 01ea 0D       		.byte	13
 520 01eb 01       		.byte	1
 521 01ec 0F       		.byte	15
 522 01ed 01       		.byte	1
 523 01ee 00       		.byte	0
 524 01ef 0F       		.byte	15
 525 01f0 00       		.byte	0
 526 01f1 0B       		.byte	11
 527 01f2 0B       		.byte	11
 528 01f3 00       		.byte	0
 529 01f4 00       		.byte	0
 530 01f5 00       		.byte	0
 531 01f6 00       		.byte	0
 532 01f7 00       		.byte	0
 533 01f8 30       		.byte	48
 534 01f9 48       		.byte	72
 535 01fa 48       		.byte	72
 536 01fb 00       		.byte	0
 537 01fc 00       		.byte	0
 538 01fd 00       		.byte	0
 539 01fe 00       		.byte	0
 540 01ff 00       		.byte	0
 541              		.section	.cywolatch,"a",%progbits
 542              		.align	2
 543              		.type	cy_meta_wonvl, %object
 544              		.size	cy_meta_wonvl, 4
 545              	cy_meta_wonvl:
 546 0000 BC       		.byte	-68
 547 0001 90       		.byte	-112
 548 0002 AC       		.byte	-84
 549 0003 AF       		.byte	-81
 550              		.section	.cycustnvl,"a",%progbits
 551              		.align	2
 552              		.type	cy_meta_custnvl, %object
 553              		.size	cy_meta_custnvl, 4
 554              	cy_meta_custnvl:
 555 0000 00       		.byte	0
 556 0001 00       		.byte	0
 557 0002 40       		.byte	64
 558 0003 05       		.byte	5
 559              		.section	.cymeta,"a",%progbits
 560              		.align	2
 561              		.type	cy_metadata, %object
 562              		.size	cy_metadata, 12
 563              	cy_metadata:
 564 0000 00       		.byte	0
 565 0001 01       		.byte	1
 566 0002 2E       		.byte	46
 567 0003 16       		.byte	22
 568 0004 10       		.byte	16
 569 0005 69       		.byte	105
 570 0006 00       		.byte	0
ARM GAS  C:\Users\malth\AppData\Local\Temp\cczuHLLV.s 			page 11


 571 0007 01       		.byte	1
 572 0008 00       		.byte	0
 573 0009 00       		.byte	0
 574 000a 00       		.byte	0
 575 000b 00       		.byte	0
 576              		.section	.cyflashprotect,"a",%progbits
 577              		.align	2
 578              		.type	cy_meta_flashprotect, %object
 579              		.size	cy_meta_flashprotect, 256
 580              	cy_meta_flashprotect:
 581 0000 00000000 		.space	256
 581      00000000 
 581      00000000 
 581      00000000 
 581      00000000 
 582              		.text
 583              	.Letext0:
 584              		.file 1 "c:\\program files (x86)\\cypress\\psoc creator\\4.4\\psoc creator\\import\\gnu\\arm\\5.4.
 585              		.file 2 "c:\\program files (x86)\\cypress\\psoc creator\\4.4\\psoc creator\\import\\gnu\\arm\\5.4.
 586              		.file 3 "Generated_Source\\PSoC5\\cymetadata.c"
 587              		.section	.debug_info,"",%progbits
 588              	.Ldebug_info0:
 589 0000 31010000 		.4byte	0x131
 590 0004 0400     		.2byte	0x4
 591 0006 00000000 		.4byte	.Ldebug_abbrev0
 592 000a 04       		.byte	0x4
 593 000b 01       		.uleb128 0x1
 594 000c 24000000 		.4byte	.LASF17
 595 0010 0C       		.byte	0xc
 596 0011 C6010000 		.4byte	.LASF18
 597 0015 B2000000 		.4byte	.LASF19
 598 0019 00000000 		.4byte	.Ldebug_line0
 599 001d 02       		.uleb128 0x2
 600 001e 01       		.byte	0x1
 601 001f 06       		.byte	0x6
 602 0020 BA010000 		.4byte	.LASF0
 603 0024 03       		.uleb128 0x3
 604 0025 00000000 		.4byte	.LASF9
 605 0029 01       		.byte	0x1
 606 002a 1D       		.byte	0x1d
 607 002b 2F000000 		.4byte	0x2f
 608 002f 02       		.uleb128 0x2
 609 0030 01       		.byte	0x1
 610 0031 08       		.byte	0x8
 611 0032 16000000 		.4byte	.LASF1
 612 0036 02       		.uleb128 0x2
 613 0037 02       		.byte	0x2
 614 0038 05       		.byte	0x5
 615 0039 A7010000 		.4byte	.LASF2
 616 003d 02       		.uleb128 0x2
 617 003e 02       		.byte	0x2
 618 003f 07       		.byte	0x7
 619 0040 0C010000 		.4byte	.LASF3
 620 0044 02       		.uleb128 0x2
 621 0045 04       		.byte	0x4
 622 0046 05       		.byte	0x5
 623 0047 B1010000 		.4byte	.LASF4
ARM GAS  C:\Users\malth\AppData\Local\Temp\cczuHLLV.s 			page 12


 624 004b 02       		.uleb128 0x2
 625 004c 04       		.byte	0x4
 626 004d 07       		.byte	0x7
 627 004e FA000000 		.4byte	.LASF5
 628 0052 02       		.uleb128 0x2
 629 0053 08       		.byte	0x8
 630 0054 05       		.byte	0x5
 631 0055 99010000 		.4byte	.LASF6
 632 0059 02       		.uleb128 0x2
 633 005a 08       		.byte	0x8
 634 005b 07       		.byte	0x7
 635 005c 4E010000 		.4byte	.LASF7
 636 0060 04       		.uleb128 0x4
 637 0061 04       		.byte	0x4
 638 0062 05       		.byte	0x5
 639 0063 696E7400 		.ascii	"int\000"
 640 0067 02       		.uleb128 0x2
 641 0068 04       		.byte	0x4
 642 0069 07       		.byte	0x7
 643 006a 41010000 		.4byte	.LASF8
 644 006e 03       		.uleb128 0x3
 645 006f 65010000 		.4byte	.LASF10
 646 0073 02       		.byte	0x2
 647 0074 18       		.byte	0x18
 648 0075 24000000 		.4byte	0x24
 649 0079 05       		.uleb128 0x5
 650 007a 91000000 		.4byte	0x91
 651 007e 8A000000 		.4byte	0x8a
 652 0082 06       		.uleb128 0x6
 653 0083 8A000000 		.4byte	0x8a
 654 0087 FF01     		.2byte	0x1ff
 655 0089 00       		.byte	0
 656 008a 02       		.uleb128 0x2
 657 008b 04       		.byte	0x4
 658 008c 07       		.byte	0x7
 659 008d 90010000 		.4byte	.LASF11
 660 0091 07       		.uleb128 0x7
 661 0092 6E000000 		.4byte	0x6e
 662 0096 08       		.uleb128 0x8
 663 0097 2F010000 		.4byte	.LASF12
 664 009b 03       		.byte	0x3
 665 009c 1F       		.byte	0x1f
 666 009d A7000000 		.4byte	0xa7
 667 00a1 05       		.uleb128 0x5
 668 00a2 03       		.byte	0x3
 669 00a3 00000000 		.4byte	cy_meta_configecc
 670 00a7 07       		.uleb128 0x7
 671 00a8 79000000 		.4byte	0x79
 672 00ac 05       		.uleb128 0x5
 673 00ad 91000000 		.4byte	0x91
 674 00b1 BC000000 		.4byte	0xbc
 675 00b5 09       		.uleb128 0x9
 676 00b6 8A000000 		.4byte	0x8a
 677 00ba 03       		.byte	0x3
 678 00bb 00       		.byte	0
 679 00bc 08       		.uleb128 0x8
 680 00bd 1F010000 		.4byte	.LASF13
ARM GAS  C:\Users\malth\AppData\Local\Temp\cczuHLLV.s 			page 13


 681 00c1 03       		.byte	0x3
 682 00c2 6C       		.byte	0x6c
 683 00c3 CD000000 		.4byte	0xcd
 684 00c7 05       		.uleb128 0x5
 685 00c8 03       		.byte	0x3
 686 00c9 00000000 		.4byte	cy_meta_custnvl
 687 00cd 07       		.uleb128 0x7
 688 00ce AC000000 		.4byte	0xac
 689 00d2 08       		.uleb128 0x8
 690 00d3 82010000 		.4byte	.LASF14
 691 00d7 03       		.byte	0x3
 692 00d8 7A       		.byte	0x7a
 693 00d9 E3000000 		.4byte	0xe3
 694 00dd 05       		.uleb128 0x5
 695 00de 03       		.byte	0x3
 696 00df 00000000 		.4byte	cy_meta_wonvl
 697 00e3 07       		.uleb128 0x7
 698 00e4 AC000000 		.4byte	0xac
 699 00e8 05       		.uleb128 0x5
 700 00e9 91000000 		.4byte	0x91
 701 00ed F8000000 		.4byte	0xf8
 702 00f1 09       		.uleb128 0x9
 703 00f2 8A000000 		.4byte	0x8a
 704 00f6 FF       		.byte	0xff
 705 00f7 00       		.byte	0
 706 00f8 08       		.uleb128 0x8
 707 00f9 6D010000 		.4byte	.LASF15
 708 00fd 03       		.byte	0x3
 709 00fe 88       		.byte	0x88
 710 00ff 09010000 		.4byte	0x109
 711 0103 05       		.uleb128 0x5
 712 0104 03       		.byte	0x3
 713 0105 00000000 		.4byte	cy_meta_flashprotect
 714 0109 07       		.uleb128 0x7
 715 010a E8000000 		.4byte	0xe8
 716 010e 05       		.uleb128 0x5
 717 010f 91000000 		.4byte	0x91
 718 0113 1E010000 		.4byte	0x11e
 719 0117 09       		.uleb128 0x9
 720 0118 8A000000 		.4byte	0x8a
 721 011c 0B       		.byte	0xb
 722 011d 00       		.byte	0
 723 011e 08       		.uleb128 0x8
 724 011f 0A000000 		.4byte	.LASF16
 725 0123 03       		.byte	0x3
 726 0124 B5       		.byte	0xb5
 727 0125 2F010000 		.4byte	0x12f
 728 0129 05       		.uleb128 0x5
 729 012a 03       		.byte	0x3
 730 012b 00000000 		.4byte	cy_metadata
 731 012f 07       		.uleb128 0x7
 732 0130 0E010000 		.4byte	0x10e
 733 0134 00       		.byte	0
 734              		.section	.debug_abbrev,"",%progbits
 735              	.Ldebug_abbrev0:
 736 0000 01       		.uleb128 0x1
 737 0001 11       		.uleb128 0x11
ARM GAS  C:\Users\malth\AppData\Local\Temp\cczuHLLV.s 			page 14


 738 0002 01       		.byte	0x1
 739 0003 25       		.uleb128 0x25
 740 0004 0E       		.uleb128 0xe
 741 0005 13       		.uleb128 0x13
 742 0006 0B       		.uleb128 0xb
 743 0007 03       		.uleb128 0x3
 744 0008 0E       		.uleb128 0xe
 745 0009 1B       		.uleb128 0x1b
 746 000a 0E       		.uleb128 0xe
 747 000b 10       		.uleb128 0x10
 748 000c 17       		.uleb128 0x17
 749 000d 00       		.byte	0
 750 000e 00       		.byte	0
 751 000f 02       		.uleb128 0x2
 752 0010 24       		.uleb128 0x24
 753 0011 00       		.byte	0
 754 0012 0B       		.uleb128 0xb
 755 0013 0B       		.uleb128 0xb
 756 0014 3E       		.uleb128 0x3e
 757 0015 0B       		.uleb128 0xb
 758 0016 03       		.uleb128 0x3
 759 0017 0E       		.uleb128 0xe
 760 0018 00       		.byte	0
 761 0019 00       		.byte	0
 762 001a 03       		.uleb128 0x3
 763 001b 16       		.uleb128 0x16
 764 001c 00       		.byte	0
 765 001d 03       		.uleb128 0x3
 766 001e 0E       		.uleb128 0xe
 767 001f 3A       		.uleb128 0x3a
 768 0020 0B       		.uleb128 0xb
 769 0021 3B       		.uleb128 0x3b
 770 0022 0B       		.uleb128 0xb
 771 0023 49       		.uleb128 0x49
 772 0024 13       		.uleb128 0x13
 773 0025 00       		.byte	0
 774 0026 00       		.byte	0
 775 0027 04       		.uleb128 0x4
 776 0028 24       		.uleb128 0x24
 777 0029 00       		.byte	0
 778 002a 0B       		.uleb128 0xb
 779 002b 0B       		.uleb128 0xb
 780 002c 3E       		.uleb128 0x3e
 781 002d 0B       		.uleb128 0xb
 782 002e 03       		.uleb128 0x3
 783 002f 08       		.uleb128 0x8
 784 0030 00       		.byte	0
 785 0031 00       		.byte	0
 786 0032 05       		.uleb128 0x5
 787 0033 01       		.uleb128 0x1
 788 0034 01       		.byte	0x1
 789 0035 49       		.uleb128 0x49
 790 0036 13       		.uleb128 0x13
 791 0037 01       		.uleb128 0x1
 792 0038 13       		.uleb128 0x13
 793 0039 00       		.byte	0
 794 003a 00       		.byte	0
ARM GAS  C:\Users\malth\AppData\Local\Temp\cczuHLLV.s 			page 15


 795 003b 06       		.uleb128 0x6
 796 003c 21       		.uleb128 0x21
 797 003d 00       		.byte	0
 798 003e 49       		.uleb128 0x49
 799 003f 13       		.uleb128 0x13
 800 0040 2F       		.uleb128 0x2f
 801 0041 05       		.uleb128 0x5
 802 0042 00       		.byte	0
 803 0043 00       		.byte	0
 804 0044 07       		.uleb128 0x7
 805 0045 26       		.uleb128 0x26
 806 0046 00       		.byte	0
 807 0047 49       		.uleb128 0x49
 808 0048 13       		.uleb128 0x13
 809 0049 00       		.byte	0
 810 004a 00       		.byte	0
 811 004b 08       		.uleb128 0x8
 812 004c 34       		.uleb128 0x34
 813 004d 00       		.byte	0
 814 004e 03       		.uleb128 0x3
 815 004f 0E       		.uleb128 0xe
 816 0050 3A       		.uleb128 0x3a
 817 0051 0B       		.uleb128 0xb
 818 0052 3B       		.uleb128 0x3b
 819 0053 0B       		.uleb128 0xb
 820 0054 49       		.uleb128 0x49
 821 0055 13       		.uleb128 0x13
 822 0056 3F       		.uleb128 0x3f
 823 0057 19       		.uleb128 0x19
 824 0058 02       		.uleb128 0x2
 825 0059 18       		.uleb128 0x18
 826 005a 00       		.byte	0
 827 005b 00       		.byte	0
 828 005c 09       		.uleb128 0x9
 829 005d 21       		.uleb128 0x21
 830 005e 00       		.byte	0
 831 005f 49       		.uleb128 0x49
 832 0060 13       		.uleb128 0x13
 833 0061 2F       		.uleb128 0x2f
 834 0062 0B       		.uleb128 0xb
 835 0063 00       		.byte	0
 836 0064 00       		.byte	0
 837 0065 00       		.byte	0
 838              		.section	.debug_aranges,"",%progbits
 839 0000 14000000 		.4byte	0x14
 840 0004 0200     		.2byte	0x2
 841 0006 00000000 		.4byte	.Ldebug_info0
 842 000a 04       		.byte	0x4
 843 000b 00       		.byte	0
 844 000c 0000     		.2byte	0
 845 000e 0000     		.2byte	0
 846 0010 00000000 		.4byte	0
 847 0014 00000000 		.4byte	0
 848              		.section	.debug_line,"",%progbits
 849              	.Ldebug_line0:
 850 0000 3D010000 		.section	.debug_str,"MS",%progbits,1
 850      02003701 
ARM GAS  C:\Users\malth\AppData\Local\Temp\cczuHLLV.s 			page 16


 850      00000201 
 850      FB0E0D00 
 850      01010101 
 851              	.LASF9:
 852 0000 5F5F7569 		.ascii	"__uint8_t\000"
 852      6E74385F 
 852      7400
 853              	.LASF16:
 854 000a 63795F6D 		.ascii	"cy_metadata\000"
 854      65746164 
 854      61746100 
 855              	.LASF1:
 856 0016 756E7369 		.ascii	"unsigned char\000"
 856      676E6564 
 856      20636861 
 856      7200
 857              	.LASF17:
 858 0024 474E5520 		.ascii	"GNU C11 5.4.1 20160609 (release) [ARM/embedded-5-br"
 858      43313120 
 858      352E342E 
 858      31203230 
 858      31363036 
 859 0057 616E6368 		.ascii	"anch revision 237715] -mcpu=cortex-m3 -mthumb -g -O"
 859      20726576 
 859      6973696F 
 859      6E203233 
 859      37373135 
 860 008a 67202D66 		.ascii	"g -ffunction-sections -ffat-lto-objects\000"
 860      66756E63 
 860      74696F6E 
 860      2D736563 
 860      74696F6E 
 861              	.LASF19:
 862 00b2 433A5C55 		.ascii	"C:\\Users\\malth\\OneDrive\\Dokumenter\\PSoC Creato"
 862      73657273 
 862      5C6D616C 
 862      74685C4F 
 862      6E654472 
 863 00e0 725C5761 		.ascii	"r\\Watchdog\\Watchdog.cydsn\000"
 863      74636864 
 863      6F675C57 
 863      61746368 
 863      646F672E 
 864              	.LASF5:
 865 00fa 6C6F6E67 		.ascii	"long unsigned int\000"
 865      20756E73 
 865      69676E65 
 865      6420696E 
 865      7400
 866              	.LASF3:
 867 010c 73686F72 		.ascii	"short unsigned int\000"
 867      7420756E 
 867      7369676E 
 867      65642069 
 867      6E7400
 868              	.LASF13:
 869 011f 63795F6D 		.ascii	"cy_meta_custnvl\000"
ARM GAS  C:\Users\malth\AppData\Local\Temp\cczuHLLV.s 			page 17


 869      6574615F 
 869      63757374 
 869      6E766C00 
 870              	.LASF12:
 871 012f 63795F6D 		.ascii	"cy_meta_configecc\000"
 871      6574615F 
 871      636F6E66 
 871      69676563 
 871      6300
 872              	.LASF8:
 873 0141 756E7369 		.ascii	"unsigned int\000"
 873      676E6564 
 873      20696E74 
 873      00
 874              	.LASF7:
 875 014e 6C6F6E67 		.ascii	"long long unsigned int\000"
 875      206C6F6E 
 875      6720756E 
 875      7369676E 
 875      65642069 
 876              	.LASF10:
 877 0165 75696E74 		.ascii	"uint8_t\000"
 877      385F7400 
 878              	.LASF15:
 879 016d 63795F6D 		.ascii	"cy_meta_flashprotect\000"
 879      6574615F 
 879      666C6173 
 879      6870726F 
 879      74656374 
 880              	.LASF14:
 881 0182 63795F6D 		.ascii	"cy_meta_wonvl\000"
 881      6574615F 
 881      776F6E76 
 881      6C00
 882              	.LASF11:
 883 0190 73697A65 		.ascii	"sizetype\000"
 883      74797065 
 883      00
 884              	.LASF6:
 885 0199 6C6F6E67 		.ascii	"long long int\000"
 885      206C6F6E 
 885      6720696E 
 885      7400
 886              	.LASF2:
 887 01a7 73686F72 		.ascii	"short int\000"
 887      7420696E 
 887      7400
 888              	.LASF4:
 889 01b1 6C6F6E67 		.ascii	"long int\000"
 889      20696E74 
 889      00
 890              	.LASF0:
 891 01ba 7369676E 		.ascii	"signed char\000"
 891      65642063 
 891      68617200 
 892              	.LASF18:
 893 01c6 47656E65 		.ascii	"Generated_Source\\PSoC5\\cymetadata.c\000"
ARM GAS  C:\Users\malth\AppData\Local\Temp\cczuHLLV.s 			page 18


 893      72617465 
 893      645F536F 
 893      75726365 
 893      5C50536F 
 894              		.ident	"GCC: (GNU Tools for ARM Embedded Processors) 5.4.1 20160609 (release) [ARM/embedded-5-bran
