ARM GAS  C:\Users\malth\AppData\Local\Temp\ccPwxwjp.s 			page 1


   1              		.syntax unified
   2              		.cpu cortex-m3
   3              		.fpu softvfp
   4              		.eabi_attribute 20, 1
   5              		.eabi_attribute 21, 1
   6              		.eabi_attribute 23, 3
   7              		.eabi_attribute 24, 1
   8              		.eabi_attribute 25, 1
   9              		.eabi_attribute 26, 1
  10              		.eabi_attribute 30, 1
  11              		.eabi_attribute 34, 1
  12              		.eabi_attribute 18, 4
  13              		.thumb
  14              		.syntax unified
  15              		.file	"main.c"
  16              		.text
  17              	.Ltext0:
  18              		.cfi_sections	.debug_frame
  19              		.section	.text.myISR,"ax",%progbits
  20              		.align	2
  21              		.global	myISR
  22              		.thumb
  23              		.thumb_func
  24              		.type	myISR, %function
  25              	myISR:
  26              	.LFB63:
  27              		.file 1 "main.c"
   1:main.c        **** /* ========================================
   2:main.c        ****  *
   3:main.c        ****  * Copyright YOUR COMPANY, THE YEAR
   4:main.c        ****  * All Rights Reserved
   5:main.c        ****  * UNPUBLISHED, LICENSED SOFTWARE.
   6:main.c        ****  *
   7:main.c        ****  * CONFIDENTIAL AND PROPRIETARY INFORMATION
   8:main.c        ****  * WHICH IS THE PROPERTY OF your company.
   9:main.c        ****  *
  10:main.c        ****  * ========================================
  11:main.c        **** */
  12:main.c        **** 
  13:main.c        **** #include "project.h"
  14:main.c        **** CY_ISR( myISR )
  15:main.c        **** {
  28              		.loc 1 15 0
  29              		.cfi_startproc
  30              		@ args = 0, pretend = 0, frame = 0
  31              		@ frame_needed = 0, uses_anonymous_args = 0
  32 0000 08B5     		push	{r3, lr}
  33              		.cfi_def_cfa_offset 8
  34              		.cfi_offset 3, -8
  35              		.cfi_offset 14, -4
  16:main.c        ****     Arduino_out1_Write(1);
  36              		.loc 1 16 0
  37 0002 0120     		movs	r0, #1
  38 0004 FFF7FEFF 		bl	Arduino_out1_Write
  39              	.LVL0:
  17:main.c        ****     CyDelay(100);
  40              		.loc 1 17 0
ARM GAS  C:\Users\malth\AppData\Local\Temp\ccPwxwjp.s 			page 2


  41 0008 6420     		movs	r0, #100
  42 000a FFF7FEFF 		bl	CyDelay
  43              	.LVL1:
  18:main.c        ****     Arduino_out1_Write(0);
  44              		.loc 1 18 0
  45 000e 0020     		movs	r0, #0
  46 0010 FFF7FEFF 		bl	Arduino_out1_Write
  47              	.LVL2:
  48 0014 08BD     		pop	{r3, pc}
  49              		.cfi_endproc
  50              	.LFE63:
  51              		.size	myISR, .-myISR
  52 0016 00BF     		.section	.text.main,"ax",%progbits
  53              		.align	2
  54              		.global	main
  55              		.thumb
  56              		.thumb_func
  57              		.type	main, %function
  58              	main:
  59              	.LFB64:
  19:main.c        **** }
  20:main.c        **** 
  21:main.c        **** int main(void)
  22:main.c        **** {
  60              		.loc 1 22 0
  61              		.cfi_startproc
  62              		@ Volatile: function does not return.
  63              		@ args = 0, pretend = 0, frame = 0
  64              		@ frame_needed = 0, uses_anonymous_args = 0
  65 0000 08B5     		push	{r3, lr}
  66              		.cfi_def_cfa_offset 8
  67              		.cfi_offset 3, -8
  68              		.cfi_offset 14, -4
  23:main.c        ****     CyGlobalIntEnable; /* Enable global interrupts. */
  69              		.loc 1 23 0
  70              		.syntax unified
  71              	@ 23 "main.c" 1
  72 0002 62B6     		CPSIE   i
  73              	@ 0 "" 2
  24:main.c        ****     Timer_1_Start();
  74              		.loc 1 24 0
  75              		.thumb
  76              		.syntax unified
  77 0004 FFF7FEFF 		bl	Timer_1_Start
  78              	.LVL3:
  25:main.c        ****     isr_1_StartEx(myISR);
  79              		.loc 1 25 0
  80 0008 0148     		ldr	r0, .L6
  81 000a FFF7FEFF 		bl	isr_1_StartEx
  82              	.LVL4:
  83              	.L4:
  84 000e FEE7     		b	.L4
  85              	.L7:
  86              		.align	2
  87              	.L6:
  88 0010 00000000 		.word	myISR
  89              		.cfi_endproc
ARM GAS  C:\Users\malth\AppData\Local\Temp\ccPwxwjp.s 			page 3


  90              	.LFE64:
  91              		.size	main, .-main
  92              		.text
  93              	.Letext0:
  94              		.file 2 "c:\\program files (x86)\\cypress\\psoc creator\\4.4\\psoc creator\\import\\gnu\\arm\\5.4.
  95              		.file 3 "c:\\program files (x86)\\cypress\\psoc creator\\4.4\\psoc creator\\import\\gnu\\arm\\5.4.
  96              		.file 4 "Generated_Source\\PSoC5/Arduino_out1.h"
  97              		.file 5 "Generated_Source\\PSoC5/CyLib.h"
  98              		.file 6 "Generated_Source\\PSoC5/Timer_1.h"
  99              		.file 7 "Generated_Source\\PSoC5/isr_1.h"
 100              		.file 8 "Generated_Source\\PSoC5/core_cm3.h"
 101              		.section	.debug_info,"",%progbits
 102              	.Ldebug_info0:
 103 0000 60010000 		.4byte	0x160
 104 0004 0400     		.2byte	0x4
 105 0006 00000000 		.4byte	.Ldebug_abbrev0
 106 000a 04       		.byte	0x4
 107 000b 01       		.uleb128 0x1
 108 000c 4D000000 		.4byte	.LASF20
 109 0010 0C       		.byte	0xc
 110 0011 2E000000 		.4byte	.LASF21
 111 0015 A1010000 		.4byte	.LASF22
 112 0019 00000000 		.4byte	.Ldebug_ranges0+0
 113 001d 00000000 		.4byte	0
 114 0021 00000000 		.4byte	.Ldebug_line0
 115 0025 02       		.uleb128 0x2
 116 0026 01       		.byte	0x1
 117 0027 06       		.byte	0x6
 118 0028 5E010000 		.4byte	.LASF0
 119 002c 02       		.uleb128 0x2
 120 002d 01       		.byte	0x1
 121 002e 08       		.byte	0x8
 122 002f 20010000 		.4byte	.LASF1
 123 0033 02       		.uleb128 0x2
 124 0034 02       		.byte	0x2
 125 0035 05       		.byte	0x5
 126 0036 86010000 		.4byte	.LASF2
 127 003a 02       		.uleb128 0x2
 128 003b 02       		.byte	0x2
 129 003c 07       		.byte	0x7
 130 003d 0E000000 		.4byte	.LASF3
 131 0041 03       		.uleb128 0x3
 132 0042 76010000 		.4byte	.LASF9
 133 0046 02       		.byte	0x2
 134 0047 3F       		.byte	0x3f
 135 0048 4C000000 		.4byte	0x4c
 136 004c 02       		.uleb128 0x2
 137 004d 04       		.byte	0x4
 138 004e 05       		.byte	0x5
 139 004f 48010000 		.4byte	.LASF4
 140 0053 02       		.uleb128 0x2
 141 0054 04       		.byte	0x4
 142 0055 07       		.byte	0x7
 143 0056 E9000000 		.4byte	.LASF5
 144 005a 02       		.uleb128 0x2
 145 005b 08       		.byte	0x8
 146 005c 05       		.byte	0x5
ARM GAS  C:\Users\malth\AppData\Local\Temp\ccPwxwjp.s 			page 4


 147 005d 00000000 		.4byte	.LASF6
 148 0061 02       		.uleb128 0x2
 149 0062 08       		.byte	0x8
 150 0063 07       		.byte	0x7
 151 0064 FB000000 		.4byte	.LASF7
 152 0068 04       		.uleb128 0x4
 153 0069 04       		.byte	0x4
 154 006a 05       		.byte	0x5
 155 006b 696E7400 		.ascii	"int\000"
 156 006f 02       		.uleb128 0x2
 157 0070 04       		.byte	0x4
 158 0071 07       		.byte	0x7
 159 0072 21000000 		.4byte	.LASF8
 160 0076 03       		.uleb128 0x3
 161 0077 90010000 		.4byte	.LASF10
 162 007b 03       		.byte	0x3
 163 007c 2C       		.byte	0x2c
 164 007d 41000000 		.4byte	0x41
 165 0081 02       		.uleb128 0x2
 166 0082 04       		.byte	0x4
 167 0083 04       		.byte	0x4
 168 0084 80010000 		.4byte	.LASF11
 169 0088 02       		.uleb128 0x2
 170 0089 08       		.byte	0x8
 171 008a 04       		.byte	0x4
 172 008b 41010000 		.4byte	.LASF12
 173 008f 02       		.uleb128 0x2
 174 0090 01       		.byte	0x1
 175 0091 08       		.byte	0x8
 176 0092 2E010000 		.4byte	.LASF13
 177 0096 02       		.uleb128 0x2
 178 0097 08       		.byte	0x8
 179 0098 04       		.byte	0x4
 180 0099 6A010000 		.4byte	.LASF14
 181 009d 02       		.uleb128 0x2
 182 009e 04       		.byte	0x4
 183 009f 07       		.byte	0x7
 184 00a0 98010000 		.4byte	.LASF15
 185 00a4 05       		.uleb128 0x5
 186 00a5 DB000000 		.4byte	.LASF23
 187 00a9 01       		.byte	0x1
 188 00aa 0E       		.byte	0xe
 189 00ab 00000000 		.4byte	.LFB63
 190 00af 16000000 		.4byte	.LFE63-.LFB63
 191 00b3 01       		.uleb128 0x1
 192 00b4 9C       		.byte	0x9c
 193 00b5 F0000000 		.4byte	0xf0
 194 00b9 06       		.uleb128 0x6
 195 00ba 08000000 		.4byte	.LVL0
 196 00be 37010000 		.4byte	0x137
 197 00c2 CC000000 		.4byte	0xcc
 198 00c6 07       		.uleb128 0x7
 199 00c7 01       		.uleb128 0x1
 200 00c8 50       		.byte	0x50
 201 00c9 01       		.uleb128 0x1
 202 00ca 31       		.byte	0x31
 203 00cb 00       		.byte	0
ARM GAS  C:\Users\malth\AppData\Local\Temp\ccPwxwjp.s 			page 5


 204 00cc 06       		.uleb128 0x6
 205 00cd 0E000000 		.4byte	.LVL1
 206 00d1 42010000 		.4byte	0x142
 207 00d5 E0000000 		.4byte	0xe0
 208 00d9 07       		.uleb128 0x7
 209 00da 01       		.uleb128 0x1
 210 00db 50       		.byte	0x50
 211 00dc 02       		.uleb128 0x2
 212 00dd 08       		.byte	0x8
 213 00de 64       		.byte	0x64
 214 00df 00       		.byte	0
 215 00e0 08       		.uleb128 0x8
 216 00e1 14000000 		.4byte	.LVL2
 217 00e5 37010000 		.4byte	0x137
 218 00e9 07       		.uleb128 0x7
 219 00ea 01       		.uleb128 0x1
 220 00eb 50       		.byte	0x50
 221 00ec 01       		.uleb128 0x1
 222 00ed 30       		.byte	0x30
 223 00ee 00       		.byte	0
 224 00ef 00       		.byte	0
 225 00f0 09       		.uleb128 0x9
 226 00f1 35000000 		.4byte	.LASF24
 227 00f5 01       		.byte	0x1
 228 00f6 15       		.byte	0x15
 229 00f7 68000000 		.4byte	0x68
 230 00fb 00000000 		.4byte	.LFB64
 231 00ff 14000000 		.4byte	.LFE64-.LFB64
 232 0103 01       		.uleb128 0x1
 233 0104 9C       		.byte	0x9c
 234 0105 26010000 		.4byte	0x126
 235 0109 0A       		.uleb128 0xa
 236 010a 08000000 		.4byte	.LVL3
 237 010e 4D010000 		.4byte	0x14d
 238 0112 08       		.uleb128 0x8
 239 0113 0E000000 		.4byte	.LVL4
 240 0117 58010000 		.4byte	0x158
 241 011b 07       		.uleb128 0x7
 242 011c 01       		.uleb128 0x1
 243 011d 50       		.byte	0x50
 244 011e 05       		.uleb128 0x5
 245 011f 03       		.byte	0x3
 246 0120 00000000 		.4byte	myISR
 247 0124 00       		.byte	0
 248 0125 00       		.byte	0
 249 0126 0B       		.uleb128 0xb
 250 0127 51010000 		.4byte	.LASF25
 251 012b 08       		.byte	0x8
 252 012c 1207     		.2byte	0x712
 253 012e 32010000 		.4byte	0x132
 254 0132 0C       		.uleb128 0xc
 255 0133 76000000 		.4byte	0x76
 256 0137 0D       		.uleb128 0xd
 257 0138 3A000000 		.4byte	.LASF16
 258 013c 3A000000 		.4byte	.LASF16
 259 0140 04       		.byte	0x4
 260 0141 26       		.byte	0x26
ARM GAS  C:\Users\malth\AppData\Local\Temp\ccPwxwjp.s 			page 6


 261 0142 0D       		.uleb128 0xd
 262 0143 E1000000 		.4byte	.LASF17
 263 0147 E1000000 		.4byte	.LASF17
 264 014b 05       		.byte	0x5
 265 014c 76       		.byte	0x76
 266 014d 0D       		.uleb128 0xd
 267 014e 12010000 		.4byte	.LASF18
 268 0152 12010000 		.4byte	.LASF18
 269 0156 06       		.byte	0x6
 270 0157 5A       		.byte	0x5a
 271 0158 0D       		.uleb128 0xd
 272 0159 33010000 		.4byte	.LASF19
 273 015d 33010000 		.4byte	.LASF19
 274 0161 07       		.byte	0x7
 275 0162 18       		.byte	0x18
 276 0163 00       		.byte	0
 277              		.section	.debug_abbrev,"",%progbits
 278              	.Ldebug_abbrev0:
 279 0000 01       		.uleb128 0x1
 280 0001 11       		.uleb128 0x11
 281 0002 01       		.byte	0x1
 282 0003 25       		.uleb128 0x25
 283 0004 0E       		.uleb128 0xe
 284 0005 13       		.uleb128 0x13
 285 0006 0B       		.uleb128 0xb
 286 0007 03       		.uleb128 0x3
 287 0008 0E       		.uleb128 0xe
 288 0009 1B       		.uleb128 0x1b
 289 000a 0E       		.uleb128 0xe
 290 000b 55       		.uleb128 0x55
 291 000c 17       		.uleb128 0x17
 292 000d 11       		.uleb128 0x11
 293 000e 01       		.uleb128 0x1
 294 000f 10       		.uleb128 0x10
 295 0010 17       		.uleb128 0x17
 296 0011 00       		.byte	0
 297 0012 00       		.byte	0
 298 0013 02       		.uleb128 0x2
 299 0014 24       		.uleb128 0x24
 300 0015 00       		.byte	0
 301 0016 0B       		.uleb128 0xb
 302 0017 0B       		.uleb128 0xb
 303 0018 3E       		.uleb128 0x3e
 304 0019 0B       		.uleb128 0xb
 305 001a 03       		.uleb128 0x3
 306 001b 0E       		.uleb128 0xe
 307 001c 00       		.byte	0
 308 001d 00       		.byte	0
 309 001e 03       		.uleb128 0x3
 310 001f 16       		.uleb128 0x16
 311 0020 00       		.byte	0
 312 0021 03       		.uleb128 0x3
 313 0022 0E       		.uleb128 0xe
 314 0023 3A       		.uleb128 0x3a
 315 0024 0B       		.uleb128 0xb
 316 0025 3B       		.uleb128 0x3b
 317 0026 0B       		.uleb128 0xb
ARM GAS  C:\Users\malth\AppData\Local\Temp\ccPwxwjp.s 			page 7


 318 0027 49       		.uleb128 0x49
 319 0028 13       		.uleb128 0x13
 320 0029 00       		.byte	0
 321 002a 00       		.byte	0
 322 002b 04       		.uleb128 0x4
 323 002c 24       		.uleb128 0x24
 324 002d 00       		.byte	0
 325 002e 0B       		.uleb128 0xb
 326 002f 0B       		.uleb128 0xb
 327 0030 3E       		.uleb128 0x3e
 328 0031 0B       		.uleb128 0xb
 329 0032 03       		.uleb128 0x3
 330 0033 08       		.uleb128 0x8
 331 0034 00       		.byte	0
 332 0035 00       		.byte	0
 333 0036 05       		.uleb128 0x5
 334 0037 2E       		.uleb128 0x2e
 335 0038 01       		.byte	0x1
 336 0039 3F       		.uleb128 0x3f
 337 003a 19       		.uleb128 0x19
 338 003b 03       		.uleb128 0x3
 339 003c 0E       		.uleb128 0xe
 340 003d 3A       		.uleb128 0x3a
 341 003e 0B       		.uleb128 0xb
 342 003f 3B       		.uleb128 0x3b
 343 0040 0B       		.uleb128 0xb
 344 0041 27       		.uleb128 0x27
 345 0042 19       		.uleb128 0x19
 346 0043 11       		.uleb128 0x11
 347 0044 01       		.uleb128 0x1
 348 0045 12       		.uleb128 0x12
 349 0046 06       		.uleb128 0x6
 350 0047 40       		.uleb128 0x40
 351 0048 18       		.uleb128 0x18
 352 0049 9742     		.uleb128 0x2117
 353 004b 19       		.uleb128 0x19
 354 004c 01       		.uleb128 0x1
 355 004d 13       		.uleb128 0x13
 356 004e 00       		.byte	0
 357 004f 00       		.byte	0
 358 0050 06       		.uleb128 0x6
 359 0051 898201   		.uleb128 0x4109
 360 0054 01       		.byte	0x1
 361 0055 11       		.uleb128 0x11
 362 0056 01       		.uleb128 0x1
 363 0057 31       		.uleb128 0x31
 364 0058 13       		.uleb128 0x13
 365 0059 01       		.uleb128 0x1
 366 005a 13       		.uleb128 0x13
 367 005b 00       		.byte	0
 368 005c 00       		.byte	0
 369 005d 07       		.uleb128 0x7
 370 005e 8A8201   		.uleb128 0x410a
 371 0061 00       		.byte	0
 372 0062 02       		.uleb128 0x2
 373 0063 18       		.uleb128 0x18
 374 0064 9142     		.uleb128 0x2111
ARM GAS  C:\Users\malth\AppData\Local\Temp\ccPwxwjp.s 			page 8


 375 0066 18       		.uleb128 0x18
 376 0067 00       		.byte	0
 377 0068 00       		.byte	0
 378 0069 08       		.uleb128 0x8
 379 006a 898201   		.uleb128 0x4109
 380 006d 01       		.byte	0x1
 381 006e 11       		.uleb128 0x11
 382 006f 01       		.uleb128 0x1
 383 0070 31       		.uleb128 0x31
 384 0071 13       		.uleb128 0x13
 385 0072 00       		.byte	0
 386 0073 00       		.byte	0
 387 0074 09       		.uleb128 0x9
 388 0075 2E       		.uleb128 0x2e
 389 0076 01       		.byte	0x1
 390 0077 3F       		.uleb128 0x3f
 391 0078 19       		.uleb128 0x19
 392 0079 03       		.uleb128 0x3
 393 007a 0E       		.uleb128 0xe
 394 007b 3A       		.uleb128 0x3a
 395 007c 0B       		.uleb128 0xb
 396 007d 3B       		.uleb128 0x3b
 397 007e 0B       		.uleb128 0xb
 398 007f 27       		.uleb128 0x27
 399 0080 19       		.uleb128 0x19
 400 0081 49       		.uleb128 0x49
 401 0082 13       		.uleb128 0x13
 402 0083 8701     		.uleb128 0x87
 403 0085 19       		.uleb128 0x19
 404 0086 11       		.uleb128 0x11
 405 0087 01       		.uleb128 0x1
 406 0088 12       		.uleb128 0x12
 407 0089 06       		.uleb128 0x6
 408 008a 40       		.uleb128 0x40
 409 008b 18       		.uleb128 0x18
 410 008c 9742     		.uleb128 0x2117
 411 008e 19       		.uleb128 0x19
 412 008f 01       		.uleb128 0x1
 413 0090 13       		.uleb128 0x13
 414 0091 00       		.byte	0
 415 0092 00       		.byte	0
 416 0093 0A       		.uleb128 0xa
 417 0094 898201   		.uleb128 0x4109
 418 0097 00       		.byte	0
 419 0098 11       		.uleb128 0x11
 420 0099 01       		.uleb128 0x1
 421 009a 31       		.uleb128 0x31
 422 009b 13       		.uleb128 0x13
 423 009c 00       		.byte	0
 424 009d 00       		.byte	0
 425 009e 0B       		.uleb128 0xb
 426 009f 34       		.uleb128 0x34
 427 00a0 00       		.byte	0
 428 00a1 03       		.uleb128 0x3
 429 00a2 0E       		.uleb128 0xe
 430 00a3 3A       		.uleb128 0x3a
 431 00a4 0B       		.uleb128 0xb
ARM GAS  C:\Users\malth\AppData\Local\Temp\ccPwxwjp.s 			page 9


 432 00a5 3B       		.uleb128 0x3b
 433 00a6 05       		.uleb128 0x5
 434 00a7 49       		.uleb128 0x49
 435 00a8 13       		.uleb128 0x13
 436 00a9 3F       		.uleb128 0x3f
 437 00aa 19       		.uleb128 0x19
 438 00ab 3C       		.uleb128 0x3c
 439 00ac 19       		.uleb128 0x19
 440 00ad 00       		.byte	0
 441 00ae 00       		.byte	0
 442 00af 0C       		.uleb128 0xc
 443 00b0 35       		.uleb128 0x35
 444 00b1 00       		.byte	0
 445 00b2 49       		.uleb128 0x49
 446 00b3 13       		.uleb128 0x13
 447 00b4 00       		.byte	0
 448 00b5 00       		.byte	0
 449 00b6 0D       		.uleb128 0xd
 450 00b7 2E       		.uleb128 0x2e
 451 00b8 00       		.byte	0
 452 00b9 3F       		.uleb128 0x3f
 453 00ba 19       		.uleb128 0x19
 454 00bb 3C       		.uleb128 0x3c
 455 00bc 19       		.uleb128 0x19
 456 00bd 6E       		.uleb128 0x6e
 457 00be 0E       		.uleb128 0xe
 458 00bf 03       		.uleb128 0x3
 459 00c0 0E       		.uleb128 0xe
 460 00c1 3A       		.uleb128 0x3a
 461 00c2 0B       		.uleb128 0xb
 462 00c3 3B       		.uleb128 0x3b
 463 00c4 0B       		.uleb128 0xb
 464 00c5 00       		.byte	0
 465 00c6 00       		.byte	0
 466 00c7 00       		.byte	0
 467              		.section	.debug_aranges,"",%progbits
 468 0000 24000000 		.4byte	0x24
 469 0004 0200     		.2byte	0x2
 470 0006 00000000 		.4byte	.Ldebug_info0
 471 000a 04       		.byte	0x4
 472 000b 00       		.byte	0
 473 000c 0000     		.2byte	0
 474 000e 0000     		.2byte	0
 475 0010 00000000 		.4byte	.LFB63
 476 0014 16000000 		.4byte	.LFE63-.LFB63
 477 0018 00000000 		.4byte	.LFB64
 478 001c 14000000 		.4byte	.LFE64-.LFB64
 479 0020 00000000 		.4byte	0
 480 0024 00000000 		.4byte	0
 481              		.section	.debug_ranges,"",%progbits
 482              	.Ldebug_ranges0:
 483 0000 00000000 		.4byte	.LFB63
 484 0004 16000000 		.4byte	.LFE63
 485 0008 00000000 		.4byte	.LFB64
 486 000c 14000000 		.4byte	.LFE64
 487 0010 00000000 		.4byte	0
 488 0014 00000000 		.4byte	0
ARM GAS  C:\Users\malth\AppData\Local\Temp\ccPwxwjp.s 			page 10


 489              		.section	.debug_line,"",%progbits
 490              	.Ldebug_line0:
 491 0000 9E010000 		.section	.debug_str,"MS",%progbits,1
 491      02007401 
 491      00000201 
 491      FB0E0D00 
 491      01010101 
 492              	.LASF6:
 493 0000 6C6F6E67 		.ascii	"long long int\000"
 493      206C6F6E 
 493      6720696E 
 493      7400
 494              	.LASF3:
 495 000e 73686F72 		.ascii	"short unsigned int\000"
 495      7420756E 
 495      7369676E 
 495      65642069 
 495      6E7400
 496              	.LASF8:
 497 0021 756E7369 		.ascii	"unsigned int\000"
 497      676E6564 
 497      20696E74 
 497      00
 498              	.LASF21:
 499 002e 6D61696E 		.ascii	"main.c\000"
 499      2E6300
 500              	.LASF24:
 501 0035 6D61696E 		.ascii	"main\000"
 501      00
 502              	.LASF16:
 503 003a 41726475 		.ascii	"Arduino_out1_Write\000"
 503      696E6F5F 
 503      6F757431 
 503      5F577269 
 503      746500
 504              	.LASF20:
 505 004d 474E5520 		.ascii	"GNU C11 5.4.1 20160609 (release) [ARM/embedded-5-br"
 505      43313120 
 505      352E342E 
 505      31203230 
 505      31363036 
 506 0080 616E6368 		.ascii	"anch revision 237715] -mcpu=cortex-m3 -mthumb -g -O"
 506      20726576 
 506      6973696F 
 506      6E203233 
 506      37373135 
 507 00b3 67202D66 		.ascii	"g -ffunction-sections -ffat-lto-objects\000"
 507      66756E63 
 507      74696F6E 
 507      2D736563 
 507      74696F6E 
 508              	.LASF23:
 509 00db 6D794953 		.ascii	"myISR\000"
 509      5200
 510              	.LASF17:
 511 00e1 43794465 		.ascii	"CyDelay\000"
 511      6C617900 
ARM GAS  C:\Users\malth\AppData\Local\Temp\ccPwxwjp.s 			page 11


 512              	.LASF5:
 513 00e9 6C6F6E67 		.ascii	"long unsigned int\000"
 513      20756E73 
 513      69676E65 
 513      6420696E 
 513      7400
 514              	.LASF7:
 515 00fb 6C6F6E67 		.ascii	"long long unsigned int\000"
 515      206C6F6E 
 515      6720756E 
 515      7369676E 
 515      65642069 
 516              	.LASF18:
 517 0112 54696D65 		.ascii	"Timer_1_Start\000"
 517      725F315F 
 517      53746172 
 517      7400
 518              	.LASF1:
 519 0120 756E7369 		.ascii	"unsigned char\000"
 519      676E6564 
 519      20636861 
 519      7200
 520              	.LASF13:
 521 012e 63686172 		.ascii	"char\000"
 521      00
 522              	.LASF19:
 523 0133 6973725F 		.ascii	"isr_1_StartEx\000"
 523      315F5374 
 523      61727445 
 523      7800
 524              	.LASF12:
 525 0141 646F7562 		.ascii	"double\000"
 525      6C6500
 526              	.LASF4:
 527 0148 6C6F6E67 		.ascii	"long int\000"
 527      20696E74 
 527      00
 528              	.LASF25:
 529 0151 49544D5F 		.ascii	"ITM_RxBuffer\000"
 529      52784275 
 529      66666572 
 529      00
 530              	.LASF0:
 531 015e 7369676E 		.ascii	"signed char\000"
 531      65642063 
 531      68617200 
 532              	.LASF14:
 533 016a 6C6F6E67 		.ascii	"long double\000"
 533      20646F75 
 533      626C6500 
 534              	.LASF9:
 535 0176 5F5F696E 		.ascii	"__int32_t\000"
 535      7433325F 
 535      7400
 536              	.LASF11:
 537 0180 666C6F61 		.ascii	"float\000"
 537      7400
ARM GAS  C:\Users\malth\AppData\Local\Temp\ccPwxwjp.s 			page 12


 538              	.LASF2:
 539 0186 73686F72 		.ascii	"short int\000"
 539      7420696E 
 539      7400
 540              	.LASF10:
 541 0190 696E7433 		.ascii	"int32_t\000"
 541      325F7400 
 542              	.LASF15:
 543 0198 73697A65 		.ascii	"sizetype\000"
 543      74797065 
 543      00
 544              	.LASF22:
 545 01a1 433A5C55 		.ascii	"C:\\Users\\malth\\OneDrive\\Dokumenter\\PSoC Creato"
 545      73657273 
 545      5C6D616C 
 545      74685C4F 
 545      6E654472 
 546 01cf 725C5761 		.ascii	"r\\Watchdog\\Watchdog.cydsn\000"
 546      74636864 
 546      6F675C57 
 546      61746368 
 546      646F672E 
 547              		.ident	"GCC: (GNU Tools for ARM Embedded Processors) 5.4.1 20160609 (release) [ARM/embedded-5-bran
